0 info it worked if it ends with ok
1 verbose cli [ '/opt/bitnami/nodejs/bin/.node.bin',
1 verbose cli   '/opt/bitnami/nodejs/bin/npm',
1 verbose cli   'install',
1 verbose cli   'angular-route@1.2.19' ]
2 info using npm@3.3.12
3 info using node@v5.1.1
4 silly loadCurrentTree Starting
5 silly install loadCurrentTree
6 silly install readLocalPackageData
7 silly fetchPackageMetaData angular-route@1.2.19
8 silly fetchNamedPackageData angular-route
9 silly mapToRegistry name angular-route
10 silly mapToRegistry using default registry
11 silly mapToRegistry registry https://registry.npmjs.org/
12 silly mapToRegistry uri https://registry.npmjs.org/angular-route
13 verbose request uri https://registry.npmjs.org/angular-route
14 verbose request no auth needed
15 info attempt registry request try #1 at 3:07:37 AM
16 verbose request id 9e99fcd4246db37e
17 http request GET https://registry.npmjs.org/angular-route
18 http 200 https://registry.npmjs.org/angular-route
19 verbose headers { server: 'CouchDB/1.5.0 (Erlang OTP/R16B03)',
19 verbose headers   etag: '"9G12HEWB084YFCSADV7GMIW1S"',
19 verbose headers   'content-type': 'application/json',
19 verbose headers   'cache-control': 'max-age=300',
19 verbose headers   'content-length': '70109',
19 verbose headers   'accept-ranges': 'bytes',
19 verbose headers   date: 'Tue, 10 May 2016 03:08:52 GMT',
19 verbose headers   via: '1.1 varnish',
19 verbose headers   age: '0',
19 verbose headers   connection: 'keep-alive',
19 verbose headers   'x-served-by': 'cache-lax1424-LAX',
19 verbose headers   'x-cache': 'HIT',
19 verbose headers   'x-cache-hits': '1',
19 verbose headers   'x-timer': 'S1462849732.061427,VS0,VE42',
19 verbose headers   vary: 'Accept-Encoding' }
20 silly get cb [ 200,
20 silly get   { server: 'CouchDB/1.5.0 (Erlang OTP/R16B03)',
20 silly get     etag: '"9G12HEWB084YFCSADV7GMIW1S"',
20 silly get     'content-type': 'application/json',
20 silly get     'cache-control': 'max-age=300',
20 silly get     'content-length': '70109',
20 silly get     'accept-ranges': 'bytes',
20 silly get     date: 'Tue, 10 May 2016 03:08:52 GMT',
20 silly get     via: '1.1 varnish',
20 silly get     age: '0',
20 silly get     connection: 'keep-alive',
20 silly get     'x-served-by': 'cache-lax1424-LAX',
20 silly get     'x-cache': 'HIT',
20 silly get     'x-cache-hits': '1',
20 silly get     'x-timer': 'S1462849732.061427,VS0,VE42',
20 silly get     vary: 'Accept-Encoding' } ]
21 verbose get saving angular-route to /home/bitnami/.npm/registry.npmjs.org/angular-route/.cache.json
22 silly fetchPackageMetaData Error: No compatible version found: angular-route@1.2.19
22 silly fetchPackageMetaData Valid install targets:
22 silly fetchPackageMetaData 1.5.5, 1.5.3, 1.5.2, 1.5.1, 1.5.0, 1.5.0-rc.2, 1.5.0-rc.1, 1.5.0-rc.0, 1.5.0-beta.2, 1.5.0-beta.0, 1.4.10, 1.4.9, 1.4.8, 1.4.7, 1.4.6, 1.4.5, 1.4.4, 1.4.3, 1.4.2, 1.4.1, 1.4.0, 1.4.0-rc.2, 1.4.0-rc.1, 1.4.0-rc.0, 1.4.0-beta.6, 1.4.0-beta.5, 1.4.0-beta.4, 1.4.0-beta.3, 1.4.0-beta.2, 1.4.0-beta.1, 1.4.0-beta.0, 1.3.20, 1.3.19, 1.3.18, 1.3.17, 1.3.16, 1.3.15, 1.3.14, 1.3.13, 1.3.12, 1.3.11, 1.3.10, 1.3.9, 1.3.8, 1.3.7, 1.3.6, 1.3.5, 1.3.4, 1.3.4-build.3588, 1.3.3, 1.3.2, 1.3.1, 1.3.0, 1.3.0-rc.5, 1.2.29, 1.2.28, 1.2.27, 1.2.17-build.163.1
22 silly fetchPackageMetaData
22 silly fetchPackageMetaData     at pickVersionFromRegistryDocument (/opt/bitnami/nodejs/lib/node_modules/npm/lib/fetch-package-metadata.js:156:16)
22 silly fetchPackageMetaData     at /opt/bitnami/nodejs/lib/node_modules/npm/node_modules/iferr/index.js:13:50
22 silly fetchPackageMetaData     at /opt/bitnami/nodejs/lib/node_modules/npm/lib/utils/pulse-till-done.js:19:8
22 silly fetchPackageMetaData     at saved (/opt/bitnami/nodejs/lib/node_modules/npm/lib/cache/caching-client.js:168:7)
22 silly fetchPackageMetaData     at /opt/bitnami/nodejs/lib/node_modules/npm/node_modules/graceful-fs/polyfills.js:210:7
22 silly fetchPackageMetaData     at FSReqWrap.oncomplete (fs.js:82:15)
22 silly fetchPackageMetaData  error for angular-route@1.2.19 [Error: No compatible version found: angular-route@1.2.19
22 silly fetchPackageMetaData Valid install targets:
22 silly fetchPackageMetaData 1.5.5, 1.5.3, 1.5.2, 1.5.1, 1.5.0, 1.5.0-rc.2, 1.5.0-rc.1, 1.5.0-rc.0, 1.5.0-beta.2, 1.5.0-beta.0, 1.4.10, 1.4.9, 1.4.8, 1.4.7, 1.4.6, 1.4.5, 1.4.4, 1.4.3, 1.4.2, 1.4.1, 1.4.0, 1.4.0-rc.2, 1.4.0-rc.1, 1.4.0-rc.0, 1.4.0-beta.6, 1.4.0-beta.5, 1.4.0-beta.4, 1.4.0-beta.3, 1.4.0-beta.2, 1.4.0-beta.1, 1.4.0-beta.0, 1.3.20, 1.3.19, 1.3.18, 1.3.17, 1.3.16, 1.3.15, 1.3.14, 1.3.13, 1.3.12, 1.3.11, 1.3.10, 1.3.9, 1.3.8, 1.3.7, 1.3.6, 1.3.5, 1.3.4, 1.3.4-build.3588, 1.3.3, 1.3.2, 1.3.1, 1.3.0, 1.3.0-rc.5, 1.2.29, 1.2.28, 1.2.27, 1.2.17-build.163.1
22 silly fetchPackageMetaData ]
23 silly rollbackFailedOptional Starting
24 silly rollbackFailedOptional Finishing
25 silly runTopLevelLifecycles Starting
26 silly runTopLevelLifecycles Finishing
27 silly install printInstalled
28 verbose stack Error: No compatible version found: angular-route@1.2.19
28 verbose stack Valid install targets:
28 verbose stack 1.5.5, 1.5.3, 1.5.2, 1.5.1, 1.5.0, 1.5.0-rc.2, 1.5.0-rc.1, 1.5.0-rc.0, 1.5.0-beta.2, 1.5.0-beta.0, 1.4.10, 1.4.9, 1.4.8, 1.4.7, 1.4.6, 1.4.5, 1.4.4, 1.4.3, 1.4.2, 1.4.1, 1.4.0, 1.4.0-rc.2, 1.4.0-rc.1, 1.4.0-rc.0, 1.4.0-beta.6, 1.4.0-beta.5, 1.4.0-beta.4, 1.4.0-beta.3, 1.4.0-beta.2, 1.4.0-beta.1, 1.4.0-beta.0, 1.3.20, 1.3.19, 1.3.18, 1.3.17, 1.3.16, 1.3.15, 1.3.14, 1.3.13, 1.3.12, 1.3.11, 1.3.10, 1.3.9, 1.3.8, 1.3.7, 1.3.6, 1.3.5, 1.3.4, 1.3.4-build.3588, 1.3.3, 1.3.2, 1.3.1, 1.3.0, 1.3.0-rc.5, 1.2.29, 1.2.28, 1.2.27, 1.2.17-build.163.1
28 verbose stack
28 verbose stack     at pickVersionFromRegistryDocument (/opt/bitnami/nodejs/lib/node_modules/npm/lib/fetch-package-metadata.js:156:16)
28 verbose stack     at /opt/bitnami/nodejs/lib/node_modules/npm/node_modules/iferr/index.js:13:50
28 verbose stack     at /opt/bitnami/nodejs/lib/node_modules/npm/lib/utils/pulse-till-done.js:19:8
28 verbose stack     at saved (/opt/bitnami/nodejs/lib/node_modules/npm/lib/cache/caching-client.js:168:7)
28 verbose stack     at /opt/bitnami/nodejs/lib/node_modules/npm/node_modules/graceful-fs/polyfills.js:210:7
28 verbose stack     at FSReqWrap.oncomplete (fs.js:82:15)
29 verbose cwd /opt/bitnami/apache2/htdocs/BoredBoard
30 error Linux 3.13.0-71-generic
31 error argv "/opt/bitnami/nodejs/bin/.node.bin" "/opt/bitnami/nodejs/bin/npm" "install" "angular-route@1.2.19"
32 error node v5.1.1
33 error npm  v3.3.12
34 error No compatible version found: angular-route@1.2.19
34 error Valid install targets:
34 error 1.5.5, 1.5.3, 1.5.2, 1.5.1, 1.5.0, 1.5.0-rc.2, 1.5.0-rc.1, 1.5.0-rc.0, 1.5.0-beta.2, 1.5.0-beta.0, 1.4.10, 1.4.9, 1.4.8, 1.4.7, 1.4.6, 1.4.5, 1.4.4, 1.4.3, 1.4.2, 1.4.1, 1.4.0, 1.4.0-rc.2, 1.4.0-rc.1, 1.4.0-rc.0, 1.4.0-beta.6, 1.4.0-beta.5, 1.4.0-beta.4, 1.4.0-beta.3, 1.4.0-beta.2, 1.4.0-beta.1, 1.4.0-beta.0, 1.3.20, 1.3.19, 1.3.18, 1.3.17, 1.3.16, 1.3.15, 1.3.14, 1.3.13, 1.3.12, 1.3.11, 1.3.10, 1.3.9, 1.3.8, 1.3.7, 1.3.6, 1.3.5, 1.3.4, 1.3.4-build.3588, 1.3.3, 1.3.2, 1.3.1, 1.3.0, 1.3.0-rc.5, 1.2.29, 1.2.28, 1.2.27, 1.2.17-build.163.1
35 error If you need help, you may report this error at:
35 error     <https://github.com/npm/npm/issues>
36 verbose exit [ 1, true ]
